<?xml version="1.0" encoding="UTF-8"?>
<testsuite xmlns:xsi="http://www.w3.org/2001/XMLSchema-instance" xsi:noNamespaceSchemaLocation="https://maven.apache.org/surefire/maven-surefire-plugin/xsd/surefire-test-report.xsd" name="com.hymake.web.WebApplicationTests" time="9.506" tests="1" errors="0" skipped="0" failures="0">
  <properties>
    <property name="java.specification.version" value="13"/>
    <property name="sun.cpu.isalist" value="amd64"/>
    <property name="sun.jnu.encoding" value="GBK"/>
    <property name="java.class.path" value="D:\project_code\hymakeWeb\web\target\test-classes;D:\project_code\hymakeWeb\web\target\classes;D:\Java_Tools\maven_repository\org\springframework\boot\spring-boot-starter\2.3.1.RELEASE\spring-boot-starter-2.3.1.RELEASE.jar;D:\Java_Tools\maven_repository\org\springframework\boot\spring-boot\2.3.1.RELEASE\spring-boot-2.3.1.RELEASE.jar;D:\Java_Tools\maven_repository\org\springframework\spring-context\5.2.7.RELEASE\spring-context-5.2.7.RELEASE.jar;D:\Java_Tools\maven_repository\org\springframework\boot\spring-boot-autoconfigure\2.3.1.RELEASE\spring-boot-autoconfigure-2.3.1.RELEASE.jar;D:\Java_Tools\maven_repository\org\springframework\boot\spring-boot-starter-logging\2.3.1.RELEASE\spring-boot-starter-logging-2.3.1.RELEASE.jar;D:\Java_Tools\maven_repository\ch\qos\logback\logback-classic\1.2.3\logback-classic-1.2.3.jar;D:\Java_Tools\maven_repository\ch\qos\logback\logback-core\1.2.3\logback-core-1.2.3.jar;D:\Java_Tools\maven_repository\org\apache\logging\log4j\log4j-to-slf4j\2.13.3\log4j-to-slf4j-2.13.3.jar;D:\Java_Tools\maven_repository\org\apache\logging\log4j\log4j-api\2.13.3\log4j-api-2.13.3.jar;D:\Java_Tools\maven_repository\org\slf4j\jul-to-slf4j\1.7.30\jul-to-slf4j-1.7.30.jar;D:\Java_Tools\maven_repository\jakarta\annotation\jakarta.annotation-api\1.3.5\jakarta.annotation-api-1.3.5.jar;D:\Java_Tools\maven_repository\org\springframework\spring-core\5.2.7.RELEASE\spring-core-5.2.7.RELEASE.jar;D:\Java_Tools\maven_repository\org\springframework\spring-jcl\5.2.7.RELEASE\spring-jcl-5.2.7.RELEASE.jar;D:\Java_Tools\maven_repository\org\yaml\snakeyaml\1.26\snakeyaml-1.26.jar;D:\Java_Tools\maven_repository\org\springframework\boot\spring-boot-starter-thymeleaf\2.3.1.RELEASE\spring-boot-starter-thymeleaf-2.3.1.RELEASE.jar;D:\Java_Tools\maven_repository\org\thymeleaf\thymeleaf-spring5\3.0.11.RELEASE\thymeleaf-spring5-3.0.11.RELEASE.jar;D:\Java_Tools\maven_repository\org\thymeleaf\extras\thymeleaf-extras-java8time\3.0.4.RELEASE\thymeleaf-extras-java8time-3.0.4.RELEASE.jar;D:\Java_Tools\maven_repository\nz\net\ultraq\thymeleaf\thymeleaf-layout-dialect\2.4.1\thymeleaf-layout-dialect-2.4.1.jar;D:\Java_Tools\maven_repository\nz\net\ultraq\thymeleaf\thymeleaf-expression-processor\1.1.3\thymeleaf-expression-processor-1.1.3.jar;D:\Java_Tools\maven_repository\org\codehaus\groovy\groovy\2.5.12\groovy-2.5.12.jar;D:\Java_Tools\maven_repository\org\thymeleaf\thymeleaf\3.0.11.RELEASE\thymeleaf-3.0.11.RELEASE.jar;D:\Java_Tools\maven_repository\ognl\ognl\3.1.12\ognl-3.1.12.jar;D:\Java_Tools\maven_repository\org\javassist\javassist\3.20.0-GA\javassist-3.20.0-GA.jar;D:\Java_Tools\maven_repository\org\attoparser\attoparser\2.0.5.RELEASE\attoparser-2.0.5.RELEASE.jar;D:\Java_Tools\maven_repository\org\unbescape\unbescape\1.1.6.RELEASE\unbescape-1.1.6.RELEASE.jar;D:\Java_Tools\maven_repository\org\springframework\boot\spring-boot-starter-web\2.3.1.RELEASE\spring-boot-starter-web-2.3.1.RELEASE.jar;D:\Java_Tools\maven_repository\org\springframework\boot\spring-boot-starter-json\2.3.1.RELEASE\spring-boot-starter-json-2.3.1.RELEASE.jar;D:\Java_Tools\maven_repository\com\fasterxml\jackson\core\jackson-databind\2.11.0\jackson-databind-2.11.0.jar;D:\Java_Tools\maven_repository\com\fasterxml\jackson\core\jackson-annotations\2.11.0\jackson-annotations-2.11.0.jar;D:\Java_Tools\maven_repository\com\fasterxml\jackson\core\jackson-core\2.11.0\jackson-core-2.11.0.jar;D:\Java_Tools\maven_repository\com\fasterxml\jackson\datatype\jackson-datatype-jdk8\2.11.0\jackson-datatype-jdk8-2.11.0.jar;D:\Java_Tools\maven_repository\com\fasterxml\jackson\datatype\jackson-datatype-jsr310\2.11.0\jackson-datatype-jsr310-2.11.0.jar;D:\Java_Tools\maven_repository\com\fasterxml\jackson\module\jackson-module-parameter-names\2.11.0\jackson-module-parameter-names-2.11.0.jar;D:\Java_Tools\maven_repository\org\springframework\boot\spring-boot-starter-tomcat\2.3.1.RELEASE\spring-boot-starter-tomcat-2.3.1.RELEASE.jar;D:\Java_Tools\maven_repository\org\apache\tomcat\embed\tomcat-embed-core\9.0.36\tomcat-embed-core-9.0.36.jar;D:\Java_Tools\maven_repository\org\glassfish\jakarta.el\3.0.3\jakarta.el-3.0.3.jar;D:\Java_Tools\maven_repository\org\apache\tomcat\embed\tomcat-embed-websocket\9.0.36\tomcat-embed-websocket-9.0.36.jar;D:\Java_Tools\maven_repository\org\springframework\spring-web\5.2.7.RELEASE\spring-web-5.2.7.RELEASE.jar;D:\Java_Tools\maven_repository\org\springframework\spring-beans\5.2.7.RELEASE\spring-beans-5.2.7.RELEASE.jar;D:\Java_Tools\maven_repository\org\springframework\spring-webmvc\5.2.7.RELEASE\spring-webmvc-5.2.7.RELEASE.jar;D:\Java_Tools\maven_repository\org\springframework\spring-expression\5.2.7.RELEASE\spring-expression-5.2.7.RELEASE.jar;D:\Java_Tools\maven_repository\org\springframework\boot\spring-boot-starter-jdbc\2.3.1.RELEASE\spring-boot-starter-jdbc-2.3.1.RELEASE.jar;D:\Java_Tools\maven_repository\com\zaxxer\HikariCP\3.4.5\HikariCP-3.4.5.jar;D:\Java_Tools\maven_repository\org\springframework\spring-jdbc\5.2.7.RELEASE\spring-jdbc-5.2.7.RELEASE.jar;D:\Java_Tools\maven_repository\org\springframework\spring-tx\5.2.7.RELEASE\spring-tx-5.2.7.RELEASE.jar;D:\Java_Tools\maven_repository\org\springframework\boot\spring-boot-starter-aop\2.3.1.RELEASE\spring-boot-starter-aop-2.3.1.RELEASE.jar;D:\Java_Tools\maven_repository\org\springframework\spring-aop\5.2.7.RELEASE\spring-aop-5.2.7.RELEASE.jar;D:\Java_Tools\maven_repository\org\aspectj\aspectjweaver\1.9.5\aspectjweaver-1.9.5.jar;D:\Java_Tools\maven_repository\org\springframework\boot\spring-boot-starter-mail\2.3.1.RELEASE\spring-boot-starter-mail-2.3.1.RELEASE.jar;D:\Java_Tools\maven_repository\org\springframework\spring-context-support\5.2.7.RELEASE\spring-context-support-5.2.7.RELEASE.jar;D:\Java_Tools\maven_repository\com\sun\mail\jakarta.mail\1.6.5\jakarta.mail-1.6.5.jar;D:\Java_Tools\maven_repository\com\sun\activation\jakarta.activation\1.2.2\jakarta.activation-1.2.2.jar;D:\Java_Tools\maven_repository\org\springframework\boot\spring-boot-starter-freemarker\2.3.1.RELEASE\spring-boot-starter-freemarker-2.3.1.RELEASE.jar;D:\Java_Tools\maven_repository\org\freemarker\freemarker\2.3.30\freemarker-2.3.30.jar;D:\Java_Tools\maven_repository\org\mybatis\spring\boot\mybatis-spring-boot-starter\2.1.2\mybatis-spring-boot-starter-2.1.2.jar;D:\Java_Tools\maven_repository\org\mybatis\spring\boot\mybatis-spring-boot-autoconfigure\2.1.2\mybatis-spring-boot-autoconfigure-2.1.2.jar;D:\Java_Tools\maven_repository\org\mybatis\mybatis\3.5.4\mybatis-3.5.4.jar;D:\Java_Tools\maven_repository\org\mybatis\mybatis-spring\2.0.4\mybatis-spring-2.0.4.jar;D:\Java_Tools\maven_repository\org\springframework\boot\spring-boot-starter-cache\2.3.1.RELEASE\spring-boot-starter-cache-2.3.1.RELEASE.jar;D:\Java_Tools\maven_repository\com\github\ben-manes\caffeine\caffeine\2.8.4\caffeine-2.8.4.jar;D:\Java_Tools\maven_repository\org\checkerframework\checker-qual\3.4.0\checker-qual-3.4.0.jar;D:\Java_Tools\maven_repository\com\google\errorprone\error_prone_annotations\2.3.4\error_prone_annotations-2.3.4.jar;D:\Java_Tools\maven_repository\org\slf4j\slf4j-api\1.7.30\slf4j-api-1.7.30.jar;D:\Java_Tools\maven_repository\com\google\guava\guava\29.0-jre\guava-29.0-jre.jar;D:\Java_Tools\maven_repository\com\google\guava\failureaccess\1.0.1\failureaccess-1.0.1.jar;D:\Java_Tools\maven_repository\com\google\guava\listenablefuture\9999.0-empty-to-avoid-conflict-with-guava\listenablefuture-9999.0-empty-to-avoid-conflict-with-guava.jar;D:\Java_Tools\maven_repository\com\google\code\findbugs\jsr305\3.0.2\jsr305-3.0.2.jar;D:\Java_Tools\maven_repository\com\google\j2objc\j2objc-annotations\1.3\j2objc-annotations-1.3.jar;D:\Java_Tools\maven_repository\com\github\pagehelper\pagehelper\5.1.11\pagehelper-5.1.11.jar;D:\Java_Tools\maven_repository\com\github\jsqlparser\jsqlparser\2.0\jsqlparser-2.0.jar;D:\Java_Tools\maven_repository\com\github\pagehelper\pagehelper-spring-boot-autoconfigure\1.2.13\pagehelper-spring-boot-autoconfigure-1.2.13.jar;D:\Java_Tools\maven_repository\com\github\pagehelper\pagehelper-spring-boot-starter\1.2.13\pagehelper-spring-boot-starter-1.2.13.jar;D:\Java_Tools\maven_repository\mysql\mysql-connector-java\5.1.49\mysql-connector-java-5.1.49.jar;D:\Java_Tools\maven_repository\org\apache\commons\commons-lang3\3.10\commons-lang3-3.10.jar;D:\Java_Tools\maven_repository\commons-io\commons-io\2.6\commons-io-2.6.jar;D:\Java_Tools\maven_repository\commons-codec\commons-codec\1.14\commons-codec-1.14.jar;D:\Java_Tools\maven_repository\cn\hutool\hutool-all\5.3.5\hutool-all-5.3.5.jar;D:\Java_Tools\maven_repository\com\alibaba\druid-spring-boot-starter\1.1.22\druid-spring-boot-starter-1.1.22.jar;D:\Java_Tools\maven_repository\com\alibaba\druid\1.1.22\druid-1.1.22.jar;D:\Java_Tools\maven_repository\com\alibaba\fastjson\1.2.68\fastjson-1.2.68.jar;D:\Java_Tools\maven_repository\commons-net\commons-net\3.6\commons-net-3.6.jar;D:\Java_Tools\maven_repository\org\springframework\boot\spring-boot-devtools\2.3.1.RELEASE\spring-boot-devtools-2.3.1.RELEASE.jar;D:\Java_Tools\maven_repository\org\springframework\boot\spring-boot-starter-test\2.3.1.RELEASE\spring-boot-starter-test-2.3.1.RELEASE.jar;D:\Java_Tools\maven_repository\org\springframework\boot\spring-boot-test\2.3.1.RELEASE\spring-boot-test-2.3.1.RELEASE.jar;D:\Java_Tools\maven_repository\org\springframework\boot\spring-boot-test-autoconfigure\2.3.1.RELEASE\spring-boot-test-autoconfigure-2.3.1.RELEASE.jar;D:\Java_Tools\maven_repository\com\jayway\jsonpath\json-path\2.4.0\json-path-2.4.0.jar;D:\Java_Tools\maven_repository\net\minidev\json-smart\2.3\json-smart-2.3.jar;D:\Java_Tools\maven_repository\net\minidev\accessors-smart\1.2\accessors-smart-1.2.jar;D:\Java_Tools\maven_repository\org\ow2\asm\asm\5.0.4\asm-5.0.4.jar;D:\Java_Tools\maven_repository\jakarta\xml\bind\jakarta.xml.bind-api\2.3.3\jakarta.xml.bind-api-2.3.3.jar;D:\Java_Tools\maven_repository\jakarta\activation\jakarta.activation-api\1.2.2\jakarta.activation-api-1.2.2.jar;D:\Java_Tools\maven_repository\org\assertj\assertj-core\3.16.1\assertj-core-3.16.1.jar;D:\Java_Tools\maven_repository\org\hamcrest\hamcrest\2.2\hamcrest-2.2.jar;D:\Java_Tools\maven_repository\org\junit\jupiter\junit-jupiter\5.6.2\junit-jupiter-5.6.2.jar;D:\Java_Tools\maven_repository\org\junit\jupiter\junit-jupiter-api\5.6.2\junit-jupiter-api-5.6.2.jar;D:\Java_Tools\maven_repository\org\apiguardian\apiguardian-api\1.1.0\apiguardian-api-1.1.0.jar;D:\Java_Tools\maven_repository\org\opentest4j\opentest4j\1.2.0\opentest4j-1.2.0.jar;D:\Java_Tools\maven_repository\org\junit\platform\junit-platform-commons\1.6.2\junit-platform-commons-1.6.2.jar;D:\Java_Tools\maven_repository\org\junit\jupiter\junit-jupiter-params\5.6.2\junit-jupiter-params-5.6.2.jar;D:\Java_Tools\maven_repository\org\junit\jupiter\junit-jupiter-engine\5.6.2\junit-jupiter-engine-5.6.2.jar;D:\Java_Tools\maven_repository\org\junit\platform\junit-platform-engine\1.6.2\junit-platform-engine-1.6.2.jar;D:\Java_Tools\maven_repository\org\mockito\mockito-core\3.3.3\mockito-core-3.3.3.jar;D:\Java_Tools\maven_repository\net\bytebuddy\byte-buddy\1.10.11\byte-buddy-1.10.11.jar;D:\Java_Tools\maven_repository\net\bytebuddy\byte-buddy-agent\1.10.11\byte-buddy-agent-1.10.11.jar;D:\Java_Tools\maven_repository\org\objenesis\objenesis\2.6\objenesis-2.6.jar;D:\Java_Tools\maven_repository\org\mockito\mockito-junit-jupiter\3.3.3\mockito-junit-jupiter-3.3.3.jar;D:\Java_Tools\maven_repository\org\skyscreamer\jsonassert\1.5.0\jsonassert-1.5.0.jar;D:\Java_Tools\maven_repository\com\vaadin\external\google\android-json\0.0.20131108.vaadin1\android-json-0.0.20131108.vaadin1.jar;D:\Java_Tools\maven_repository\org\springframework\spring-test\5.2.7.RELEASE\spring-test-5.2.7.RELEASE.jar;D:\Java_Tools\maven_repository\org\xmlunit\xmlunit-core\2.7.0\xmlunit-core-2.7.0.jar;D:\Java_Tools\maven_repository\eu\bitwalker\UserAgentUtils\1.20\UserAgentUtils-1.20.jar;"/>
    <property name="java.vm.vendor" value="Oracle Corporation"/>
    <property name="sun.arch.data.model" value="64"/>
    <property name="user.variant" value=""/>
    <property name="java.vendor.url" value="https://java.oracle.com/"/>
    <property name="user.timezone" value="Asia/Shanghai"/>
    <property name="os.name" value="Windows 7"/>
    <property name="java.vm.specification.version" value="13"/>
    <property name="sun.java.launcher" value="SUN_STANDARD"/>
    <property name="user.country" value="CN"/>
    <property name="sun.boot.library.path" value="D:\Java_Tools\openjdk-13.0.1_x64\bin"/>
    <property name="sun.java.command" value="C:\Users\ADMINI~1\AppData\Local\Temp\surefire9511602516068587423\surefirebooter14929786429578279690.jar C:\Users\Administrator\AppData\Local\Temp\surefire9511602516068587423 2020-12-23T09-02-10_217-jvmRun1 surefire9929253302504258726tmp surefire_09265885544593801197tmp"/>
    <property name="jdk.debug" value="release"/>
    <property name="surefire.test.class.path" value="D:\project_code\hymakeWeb\web\target\test-classes;D:\project_code\hymakeWeb\web\target\classes;D:\Java_Tools\maven_repository\org\springframework\boot\spring-boot-starter\2.3.1.RELEASE\spring-boot-starter-2.3.1.RELEASE.jar;D:\Java_Tools\maven_repository\org\springframework\boot\spring-boot\2.3.1.RELEASE\spring-boot-2.3.1.RELEASE.jar;D:\Java_Tools\maven_repository\org\springframework\spring-context\5.2.7.RELEASE\spring-context-5.2.7.RELEASE.jar;D:\Java_Tools\maven_repository\org\springframework\boot\spring-boot-autoconfigure\2.3.1.RELEASE\spring-boot-autoconfigure-2.3.1.RELEASE.jar;D:\Java_Tools\maven_repository\org\springframework\boot\spring-boot-starter-logging\2.3.1.RELEASE\spring-boot-starter-logging-2.3.1.RELEASE.jar;D:\Java_Tools\maven_repository\ch\qos\logback\logback-classic\1.2.3\logback-classic-1.2.3.jar;D:\Java_Tools\maven_repository\ch\qos\logback\logback-core\1.2.3\logback-core-1.2.3.jar;D:\Java_Tools\maven_repository\org\apache\logging\log4j\log4j-to-slf4j\2.13.3\log4j-to-slf4j-2.13.3.jar;D:\Java_Tools\maven_repository\org\apache\logging\log4j\log4j-api\2.13.3\log4j-api-2.13.3.jar;D:\Java_Tools\maven_repository\org\slf4j\jul-to-slf4j\1.7.30\jul-to-slf4j-1.7.30.jar;D:\Java_Tools\maven_repository\jakarta\annotation\jakarta.annotation-api\1.3.5\jakarta.annotation-api-1.3.5.jar;D:\Java_Tools\maven_repository\org\springframework\spring-core\5.2.7.RELEASE\spring-core-5.2.7.RELEASE.jar;D:\Java_Tools\maven_repository\org\springframework\spring-jcl\5.2.7.RELEASE\spring-jcl-5.2.7.RELEASE.jar;D:\Java_Tools\maven_repository\org\yaml\snakeyaml\1.26\snakeyaml-1.26.jar;D:\Java_Tools\maven_repository\org\springframework\boot\spring-boot-starter-thymeleaf\2.3.1.RELEASE\spring-boot-starter-thymeleaf-2.3.1.RELEASE.jar;D:\Java_Tools\maven_repository\org\thymeleaf\thymeleaf-spring5\3.0.11.RELEASE\thymeleaf-spring5-3.0.11.RELEASE.jar;D:\Java_Tools\maven_repository\org\thymeleaf\extras\thymeleaf-extras-java8time\3.0.4.RELEASE\thymeleaf-extras-java8time-3.0.4.RELEASE.jar;D:\Java_Tools\maven_repository\nz\net\ultraq\thymeleaf\thymeleaf-layout-dialect\2.4.1\thymeleaf-layout-dialect-2.4.1.jar;D:\Java_Tools\maven_repository\nz\net\ultraq\thymeleaf\thymeleaf-expression-processor\1.1.3\thymeleaf-expression-processor-1.1.3.jar;D:\Java_Tools\maven_repository\org\codehaus\groovy\groovy\2.5.12\groovy-2.5.12.jar;D:\Java_Tools\maven_repository\org\thymeleaf\thymeleaf\3.0.11.RELEASE\thymeleaf-3.0.11.RELEASE.jar;D:\Java_Tools\maven_repository\ognl\ognl\3.1.12\ognl-3.1.12.jar;D:\Java_Tools\maven_repository\org\javassist\javassist\3.20.0-GA\javassist-3.20.0-GA.jar;D:\Java_Tools\maven_repository\org\attoparser\attoparser\2.0.5.RELEASE\attoparser-2.0.5.RELEASE.jar;D:\Java_Tools\maven_repository\org\unbescape\unbescape\1.1.6.RELEASE\unbescape-1.1.6.RELEASE.jar;D:\Java_Tools\maven_repository\org\springframework\boot\spring-boot-starter-web\2.3.1.RELEASE\spring-boot-starter-web-2.3.1.RELEASE.jar;D:\Java_Tools\maven_repository\org\springframework\boot\spring-boot-starter-json\2.3.1.RELEASE\spring-boot-starter-json-2.3.1.RELEASE.jar;D:\Java_Tools\maven_repository\com\fasterxml\jackson\core\jackson-databind\2.11.0\jackson-databind-2.11.0.jar;D:\Java_Tools\maven_repository\com\fasterxml\jackson\core\jackson-annotations\2.11.0\jackson-annotations-2.11.0.jar;D:\Java_Tools\maven_repository\com\fasterxml\jackson\core\jackson-core\2.11.0\jackson-core-2.11.0.jar;D:\Java_Tools\maven_repository\com\fasterxml\jackson\datatype\jackson-datatype-jdk8\2.11.0\jackson-datatype-jdk8-2.11.0.jar;D:\Java_Tools\maven_repository\com\fasterxml\jackson\datatype\jackson-datatype-jsr310\2.11.0\jackson-datatype-jsr310-2.11.0.jar;D:\Java_Tools\maven_repository\com\fasterxml\jackson\module\jackson-module-parameter-names\2.11.0\jackson-module-parameter-names-2.11.0.jar;D:\Java_Tools\maven_repository\org\springframework\boot\spring-boot-starter-tomcat\2.3.1.RELEASE\spring-boot-starter-tomcat-2.3.1.RELEASE.jar;D:\Java_Tools\maven_repository\org\apache\tomcat\embed\tomcat-embed-core\9.0.36\tomcat-embed-core-9.0.36.jar;D:\Java_Tools\maven_repository\org\glassfish\jakarta.el\3.0.3\jakarta.el-3.0.3.jar;D:\Java_Tools\maven_repository\org\apache\tomcat\embed\tomcat-embed-websocket\9.0.36\tomcat-embed-websocket-9.0.36.jar;D:\Java_Tools\maven_repository\org\springframework\spring-web\5.2.7.RELEASE\spring-web-5.2.7.RELEASE.jar;D:\Java_Tools\maven_repository\org\springframework\spring-beans\5.2.7.RELEASE\spring-beans-5.2.7.RELEASE.jar;D:\Java_Tools\maven_repository\org\springframework\spring-webmvc\5.2.7.RELEASE\spring-webmvc-5.2.7.RELEASE.jar;D:\Java_Tools\maven_repository\org\springframework\spring-expression\5.2.7.RELEASE\spring-expression-5.2.7.RELEASE.jar;D:\Java_Tools\maven_repository\org\springframework\boot\spring-boot-starter-jdbc\2.3.1.RELEASE\spring-boot-starter-jdbc-2.3.1.RELEASE.jar;D:\Java_Tools\maven_repository\com\zaxxer\HikariCP\3.4.5\HikariCP-3.4.5.jar;D:\Java_Tools\maven_repository\org\springframework\spring-jdbc\5.2.7.RELEASE\spring-jdbc-5.2.7.RELEASE.jar;D:\Java_Tools\maven_repository\org\springframework\spring-tx\5.2.7.RELEASE\spring-tx-5.2.7.RELEASE.jar;D:\Java_Tools\maven_repository\org\springframework\boot\spring-boot-starter-aop\2.3.1.RELEASE\spring-boot-starter-aop-2.3.1.RELEASE.jar;D:\Java_Tools\maven_repository\org\springframework\spring-aop\5.2.7.RELEASE\spring-aop-5.2.7.RELEASE.jar;D:\Java_Tools\maven_repository\org\aspectj\aspectjweaver\1.9.5\aspectjweaver-1.9.5.jar;D:\Java_Tools\maven_repository\org\springframework\boot\spring-boot-starter-mail\2.3.1.RELEASE\spring-boot-starter-mail-2.3.1.RELEASE.jar;D:\Java_Tools\maven_repository\org\springframework\spring-context-support\5.2.7.RELEASE\spring-context-support-5.2.7.RELEASE.jar;D:\Java_Tools\maven_repository\com\sun\mail\jakarta.mail\1.6.5\jakarta.mail-1.6.5.jar;D:\Java_Tools\maven_repository\com\sun\activation\jakarta.activation\1.2.2\jakarta.activation-1.2.2.jar;D:\Java_Tools\maven_repository\org\springframework\boot\spring-boot-starter-freemarker\2.3.1.RELEASE\spring-boot-starter-freemarker-2.3.1.RELEASE.jar;D:\Java_Tools\maven_repository\org\freemarker\freemarker\2.3.30\freemarker-2.3.30.jar;D:\Java_Tools\maven_repository\org\mybatis\spring\boot\mybatis-spring-boot-starter\2.1.2\mybatis-spring-boot-starter-2.1.2.jar;D:\Java_Tools\maven_repository\org\mybatis\spring\boot\mybatis-spring-boot-autoconfigure\2.1.2\mybatis-spring-boot-autoconfigure-2.1.2.jar;D:\Java_Tools\maven_repository\org\mybatis\mybatis\3.5.4\mybatis-3.5.4.jar;D:\Java_Tools\maven_repository\org\mybatis\mybatis-spring\2.0.4\mybatis-spring-2.0.4.jar;D:\Java_Tools\maven_repository\org\springframework\boot\spring-boot-starter-cache\2.3.1.RELEASE\spring-boot-starter-cache-2.3.1.RELEASE.jar;D:\Java_Tools\maven_repository\com\github\ben-manes\caffeine\caffeine\2.8.4\caffeine-2.8.4.jar;D:\Java_Tools\maven_repository\org\checkerframework\checker-qual\3.4.0\checker-qual-3.4.0.jar;D:\Java_Tools\maven_repository\com\google\errorprone\error_prone_annotations\2.3.4\error_prone_annotations-2.3.4.jar;D:\Java_Tools\maven_repository\org\slf4j\slf4j-api\1.7.30\slf4j-api-1.7.30.jar;D:\Java_Tools\maven_repository\com\google\guava\guava\29.0-jre\guava-29.0-jre.jar;D:\Java_Tools\maven_repository\com\google\guava\failureaccess\1.0.1\failureaccess-1.0.1.jar;D:\Java_Tools\maven_repository\com\google\guava\listenablefuture\9999.0-empty-to-avoid-conflict-with-guava\listenablefuture-9999.0-empty-to-avoid-conflict-with-guava.jar;D:\Java_Tools\maven_repository\com\google\code\findbugs\jsr305\3.0.2\jsr305-3.0.2.jar;D:\Java_Tools\maven_repository\com\google\j2objc\j2objc-annotations\1.3\j2objc-annotations-1.3.jar;D:\Java_Tools\maven_repository\com\github\pagehelper\pagehelper\5.1.11\pagehelper-5.1.11.jar;D:\Java_Tools\maven_repository\com\github\jsqlparser\jsqlparser\2.0\jsqlparser-2.0.jar;D:\Java_Tools\maven_repository\com\github\pagehelper\pagehelper-spring-boot-autoconfigure\1.2.13\pagehelper-spring-boot-autoconfigure-1.2.13.jar;D:\Java_Tools\maven_repository\com\github\pagehelper\pagehelper-spring-boot-starter\1.2.13\pagehelper-spring-boot-starter-1.2.13.jar;D:\Java_Tools\maven_repository\mysql\mysql-connector-java\5.1.49\mysql-connector-java-5.1.49.jar;D:\Java_Tools\maven_repository\org\apache\commons\commons-lang3\3.10\commons-lang3-3.10.jar;D:\Java_Tools\maven_repository\commons-io\commons-io\2.6\commons-io-2.6.jar;D:\Java_Tools\maven_repository\commons-codec\commons-codec\1.14\commons-codec-1.14.jar;D:\Java_Tools\maven_repository\cn\hutool\hutool-all\5.3.5\hutool-all-5.3.5.jar;D:\Java_Tools\maven_repository\com\alibaba\druid-spring-boot-starter\1.1.22\druid-spring-boot-starter-1.1.22.jar;D:\Java_Tools\maven_repository\com\alibaba\druid\1.1.22\druid-1.1.22.jar;D:\Java_Tools\maven_repository\com\alibaba\fastjson\1.2.68\fastjson-1.2.68.jar;D:\Java_Tools\maven_repository\commons-net\commons-net\3.6\commons-net-3.6.jar;D:\Java_Tools\maven_repository\org\springframework\boot\spring-boot-devtools\2.3.1.RELEASE\spring-boot-devtools-2.3.1.RELEASE.jar;D:\Java_Tools\maven_repository\org\springframework\boot\spring-boot-starter-test\2.3.1.RELEASE\spring-boot-starter-test-2.3.1.RELEASE.jar;D:\Java_Tools\maven_repository\org\springframework\boot\spring-boot-test\2.3.1.RELEASE\spring-boot-test-2.3.1.RELEASE.jar;D:\Java_Tools\maven_repository\org\springframework\boot\spring-boot-test-autoconfigure\2.3.1.RELEASE\spring-boot-test-autoconfigure-2.3.1.RELEASE.jar;D:\Java_Tools\maven_repository\com\jayway\jsonpath\json-path\2.4.0\json-path-2.4.0.jar;D:\Java_Tools\maven_repository\net\minidev\json-smart\2.3\json-smart-2.3.jar;D:\Java_Tools\maven_repository\net\minidev\accessors-smart\1.2\accessors-smart-1.2.jar;D:\Java_Tools\maven_repository\org\ow2\asm\asm\5.0.4\asm-5.0.4.jar;D:\Java_Tools\maven_repository\jakarta\xml\bind\jakarta.xml.bind-api\2.3.3\jakarta.xml.bind-api-2.3.3.jar;D:\Java_Tools\maven_repository\jakarta\activation\jakarta.activation-api\1.2.2\jakarta.activation-api-1.2.2.jar;D:\Java_Tools\maven_repository\org\assertj\assertj-core\3.16.1\assertj-core-3.16.1.jar;D:\Java_Tools\maven_repository\org\hamcrest\hamcrest\2.2\hamcrest-2.2.jar;D:\Java_Tools\maven_repository\org\junit\jupiter\junit-jupiter\5.6.2\junit-jupiter-5.6.2.jar;D:\Java_Tools\maven_repository\org\junit\jupiter\junit-jupiter-api\5.6.2\junit-jupiter-api-5.6.2.jar;D:\Java_Tools\maven_repository\org\apiguardian\apiguardian-api\1.1.0\apiguardian-api-1.1.0.jar;D:\Java_Tools\maven_repository\org\opentest4j\opentest4j\1.2.0\opentest4j-1.2.0.jar;D:\Java_Tools\maven_repository\org\junit\platform\junit-platform-commons\1.6.2\junit-platform-commons-1.6.2.jar;D:\Java_Tools\maven_repository\org\junit\jupiter\junit-jupiter-params\5.6.2\junit-jupiter-params-5.6.2.jar;D:\Java_Tools\maven_repository\org\junit\jupiter\junit-jupiter-engine\5.6.2\junit-jupiter-engine-5.6.2.jar;D:\Java_Tools\maven_repository\org\junit\platform\junit-platform-engine\1.6.2\junit-platform-engine-1.6.2.jar;D:\Java_Tools\maven_repository\org\mockito\mockito-core\3.3.3\mockito-core-3.3.3.jar;D:\Java_Tools\maven_repository\net\bytebuddy\byte-buddy\1.10.11\byte-buddy-1.10.11.jar;D:\Java_Tools\maven_repository\net\bytebuddy\byte-buddy-agent\1.10.11\byte-buddy-agent-1.10.11.jar;D:\Java_Tools\maven_repository\org\objenesis\objenesis\2.6\objenesis-2.6.jar;D:\Java_Tools\maven_repository\org\mockito\mockito-junit-jupiter\3.3.3\mockito-junit-jupiter-3.3.3.jar;D:\Java_Tools\maven_repository\org\skyscreamer\jsonassert\1.5.0\jsonassert-1.5.0.jar;D:\Java_Tools\maven_repository\com\vaadin\external\google\android-json\0.0.20131108.vaadin1\android-json-0.0.20131108.vaadin1.jar;D:\Java_Tools\maven_repository\org\springframework\spring-test\5.2.7.RELEASE\spring-test-5.2.7.RELEASE.jar;D:\Java_Tools\maven_repository\org\xmlunit\xmlunit-core\2.7.0\xmlunit-core-2.7.0.jar;D:\Java_Tools\maven_repository\eu\bitwalker\UserAgentUtils\1.20\UserAgentUtils-1.20.jar;"/>
    <property name="sun.cpu.endian" value="little"/>
    <property name="user.home" value="C:\Users\Administrator"/>
    <property name="user.language" value="zh"/>
    <property name="java.specification.vendor" value="Oracle Corporation"/>
    <property name="java.version.date" value="2019-10-15"/>
    <property name="java.home" value="D:\Java_Tools\openjdk-13.0.1_x64"/>
    <property name="file.separator" value="\"/>
    <property name="basedir" value="D:\project_code\hymakeWeb\web"/>
    <property name="java.vm.compressedOopsMode" value="32-bit"/>
    <property name="line.separator" value="&#10;"/>
    <property name="java.vm.specification.vendor" value="Oracle Corporation"/>
    <property name="java.specification.name" value="Java Platform API Specification"/>
    <property name="idea.version2020.1.1" value="true"/>
    <property name="surefire.real.class.path" value="C:\Users\ADMINI~1\AppData\Local\Temp\surefire9511602516068587423\surefirebooter14929786429578279690.jar"/>
    <property name="user.script" value=""/>
    <property name="sun.management.compiler" value="HotSpot 64-Bit Tiered Compilers"/>
    <property name="java.runtime.version" value="13.0.1+9"/>
    <property name="user.name" value="Administrator"/>
    <property name="path.separator" value=";"/>
    <property name="os.version" value="6.1"/>
    <property name="java.runtime.name" value="OpenJDK Runtime Environment"/>
    <property name="file.encoding" value="GBK"/>
    <property name="java.vm.name" value="OpenJDK 64-Bit Server VM"/>
    <property name="localRepository" value="D:\Java_Tools\maven_repository"/>
    <property name="java.vendor.url.bug" value="https://bugreport.java.com/bugreport/"/>
    <property name="java.io.tmpdir" value="C:\Users\ADMINI~1\AppData\Local\Temp\"/>
    <property name="java.version" value="13.0.1"/>
    <property name="user.dir" value="D:\project_code\hymakeWeb\web"/>
    <property name="os.arch" value="amd64"/>
    <property name="java.vm.specification.name" value="Java Virtual Machine Specification"/>
    <property name="sun.os.patch.level" value="Service Pack 1"/>
    <property name="java.library.path" value="D:\Java_Tools\openjdk-13.0.1_x64\bin;C:\Windows\Sun\Java\bin;C:\Windows\system32;C:\Windows;%TOMCAT_HOMT%\bin;D:\WINDOWS.X64_193000_db_home\bin;D:\Java_Tools\erl9.3\bin;D:\Java_Tools\primeton\eosserver;D:\Java_Tools\wkhtmltopdf\bin;D:\Java_Tools\elasticsearch-6.2.1\bin;D:\Java_Tools\MongoDB\Server\3.4\bin;D:\Java_Tools\jdk1.8.0_181\bin;D:\Java_Tools\apache-maven-3.5.2\bin;D:\oracle\app\Administrator\product\11.2.0\dbhome_1\bin;D:\oracle\app\Administrator\product\11.2.0\dbhome_2\bin;C:\Windows\system32;C:\Windows;C:\Windows\System32\Wbem;C:\Windows\System32\WindowsPowerShell\v1.0\;C:\Program Files (x86)\NVIDIA Corporation\PhysX\Common;D:\Instant Client\bin;D:\Git\cmd;C:\Users\Administrator\AppData\Local\atom;D:\xampp\php;C:\ProgramData\ComposerSetup\bin;D:\instantclient_11_2;D:\Java_Tools\jdk1.8.0_181\bin;D:\Java_Tools\jdk1.8.0_181\jre\bin;D:\Program Files\apache-tomcat-7.0.92\bin;D:\Program Files\apache-tomcat-7.0.92\lib;C:\Program Files\dotnet\;C:\Program Files\Microsoft SQL Server\130\Tools\Binn\;C:\Program Files\MacType;D:\Java_Tools\jdk1.8.0_181\bin;D:\Java_Tools\jdk1.8.0_181\jre\bin;D:\Program Files\Java\jdk1.7.0_80\bin;D:\Program Files\Java\jre7\bin;D:\Java_Tools\TortoiseSVN\bin;D:\Java_Tools\odac_client;D:\Java_Tools\odac_client\bin;D:\Java_Tools\nodejs\;D:\Java_Tools\MySQL Server 5.5\bin;D:\Java_Tools\Git\cmd;D:\Java_Tools\TortoiseGit\bin;C:\Users\Administrator\AppData\Roaming\Composer\vendor\bin;F:\can_use_wkhtmltopdf;F:\SWFTools;D:\Program Files\JetBrains\IntelliJ IDEA 2018.3.3\bin;C:\Users\Administrator\AppData\Roaming\npm;."/>
    <property name="java.vm.info" value="mixed mode, sharing"/>
    <property name="java.vendor" value="Oracle Corporation"/>
    <property name="java.vm.version" value="13.0.1+9"/>
    <property name="sun.io.unicode.encoding" value="UnicodeLittle"/>
    <property name="maven.repo.local" value="D:\Java_Tools\maven_repository"/>
    <property name="java.class.version" value="57.0"/>
  </properties>
  <testcase name="contextLoads" classname="com.hymake.web.WebApplicationTests" time="1.077"/>
</testsuite>